# JRE version: OpenJDK Runtime Environment Temurin-21.0.10+7 (21.0.10+7) (build 21.0.10+7-LTS)
# Java VM: OpenJDK 64-Bit Server VM Temurin-21.0.10+7 (21.0.10+7-LTS, mixed mode, sharing, tiered, compressed oops, compressed class ptrs, parallel gc, windows-amd64)
GC Precious Log:
 CardTable entry size: 512
 CPUs: 12 total, 12 available
 Memory: 7528M
 Large Page Support: Disabled
 NUMA Support: Disabled
 Compressed Oops: Enabled (32-bit)
 Alignments: Space 512K, Generation 512K, Heap 2M
 Heap Min Capacity: 100M
 Heap Initial Capacity: 100M
 Heap Max Capacity: 2G
 Pre-touch: Disabled
 Parallel Workers: 10
Heap:
 PSYoungGen      total 5120K, used 4813K [0x00000000d5580000, 0x00000000d5c80000, 0x0000000100000000)
  eden space 4608K, 97% used [0x00000000d5580000,0x00000000d59e35f8,0x00000000d5a00000)
  from space 512K, 62% used [0x00000000d5b80000,0x00000000d5bd0000,0x00000000d5c00000)
  to   space 512K, 0% used [0x00000000d5c00000,0x00000000d5c00000,0x00000000d5c80000)
 ParOldGen       total 216064K, used 215816K [0x0000000080000000, 0x000000008d300000, 0x00000000d5580000)
  object space 216064K, 99% used [0x0000000080000000,0x000000008d2c2130,0x000000008d300000)
 Metaspace       used 88571K, committed 90240K, reserved 1179648K
  class space    used 9710K, committed 10496K, reserved 1048576K
GC Heap History (20 events):
Event: 75693.591 GC heap before
{Heap before GC invocations=612 (full 5):
 PSYoungGen      total 6656K, used 5888K [0x00000000d5580000, 0x00000000d5d00000, 0x0000000100000000)
  eden space 5120K, 100% used [0x00000000d5580000,0x00000000d5a80000,0x00000000d5a80000)
  from space 1536K, 50% used [0x00000000d5a80000,0x00000000d5b40000,0x00000000d5c00000)
  to   space 1024K, 0% used [0x00000000d5c00000,0x00000000d5c00000,0x00000000d5d00000)
 ParOldGen       total 208896K, used 208655K [0x0000000080000000, 0x000000008cc00000, 0x00000000d5580000)
  object space 208896K, 99% used [0x0000000080000000,0x000000008cbc3f00,0x000000008cc00000)
 Metaspace       used 87291K, committed 89024K, reserved 1179648K
  class space    used 9567K, committed 10496K, reserved 1048576K
}
Event: 75693.593 GC heap after
{Heap after GC invocations=612 (full 5):
 PSYoungGen      total 6144K, used 713K [0x00000000d5580000, 0x00000000d5d00000, 0x0000000100000000)
  eden space 5120K, 0% used [0x00000000d5580000,0x00000000d5580000,0x00000000d5a80000)
  from space 1024K, 69% used [0x00000000d5c00000,0x00000000d5cb2550,0x00000000d5d00000)
  to   space 1024K, 0% used [0x00000000d5b00000,0x00000000d5b00000,0x00000000d5c00000)
 ParOldGen       total 210944K, used 210752K [0x0000000080000000, 0x000000008ce00000, 0x00000000d5580000)
  object space 210944K, 99% used [0x0000000080000000,0x000000008cdd01f8,0x000000008ce00000)
 Metaspace       used 87291K, committed 89024K, reserved 1179648K
  class space    used 9567K, committed 10496K, reserved 1048576K
}
Event: 75693.615 GC heap before
{Heap before GC invocations=613 (full 5):
 PSYoungGen      total 6144K, used 5833K [0x00000000d5580000, 0x00000000d5d00000, 0x0000000100000000)
  eden space 5120K, 100% used [0x00000000d5580000,0x00000000d5a80000,0x00000000d5a80000)
  from space 1024K, 69% used [0x00000000d5c00000,0x00000000d5cb2550,0x00000000d5d00000)
  to   space 1024K, 0% used [0x00000000d5b00000,0x00000000d5b00000,0x00000000d5c00000)
 ParOldGen       total 210944K, used 210752K [0x0000000080000000, 0x000000008ce00000, 0x00000000d5580000)
  object space 210944K, 99% used [0x0000000080000000,0x000000008cdd01f8,0x000000008ce00000)
 Metaspace       used 87293K, committed 89024K, reserved 1179648K
  class space    used 9567K, committed 10496K, reserved 1048576K
}
Event: 75693.617 GC heap after
{Heap after GC invocations=613 (full 5):
 PSYoungGen      total 6144K, used 799K [0x00000000d5580000, 0x00000000d5c80000, 0x0000000100000000)
  eden space 5120K, 0% used [0x00000000d5580000,0x00000000d5580000,0x00000000d5a80000)
  from space 1024K, 78% used [0x00000000d5b00000,0x00000000d5bc7e50,0x00000000d5c00000)
  to   space 512K, 0% used [0x00000000d5c00000,0x00000000d5c00000,0x00000000d5c80000)
 ParOldGen       total 211456K, used 211120K [0x0000000080000000, 0x000000008ce80000, 0x00000000d5580000)
  object space 211456K, 99% used [0x0000000080000000,0x000000008ce2c258,0x000000008ce80000)
 Metaspace       used 87293K, committed 89024K, reserved 1179648K
  class space    used 9567K, committed 10496K, reserved 1048576K
}
Event: 75693.648 GC heap before
{Heap before GC invocations=614 (full 5):
 PSYoungGen      total 6144K, used 5919K [0x00000000d5580000, 0x00000000d5c80000, 0x0000000100000000)
  eden space 5120K, 100% used [0x00000000d5580000,0x00000000d5a80000,0x00000000d5a80000)
  from space 1024K, 78% used [0x00000000d5b00000,0x00000000d5bc7e50,0x00000000d5c00000)
  to   space 512K, 0% used [0x00000000d5c00000,0x00000000d5c00000,0x00000000d5c80000)
 ParOldGen       total 211456K, used 211120K [0x0000000080000000, 0x000000008ce80000, 0x00000000d5580000)
  object space 211456K, 99% used [0x0000000080000000,0x000000008ce2c258,0x000000008ce80000)
 Metaspace       used 87293K, committed 89024K, reserved 1179648K
  class space    used 9567K, committed 10496K, reserved 1048576K
}
Event: 75693.651 GC heap after
{Heap after GC invocations=614 (full 5):
 PSYoungGen      total 5120K, used 512K [0x00000000d5580000, 0x00000000d5e80000, 0x0000000100000000)
  eden space 4608K, 0% used [0x00000000d5580000,0x00000000d5580000,0x00000000d5a00000)
  from space 512K, 100% used [0x00000000d5c00000,0x00000000d5c80000,0x00000000d5c80000)
  to   space 2048K, 0% used [0x00000000d5a00000,0x00000000d5a00000,0x00000000d5c00000)
 ParOldGen       total 212480K, used 212167K [0x0000000080000000, 0x000000008cf80000, 0x00000000d5580000)
  object space 212480K, 99% used [0x0000000080000000,0x000000008cf31f58,0x000000008cf80000)
 Metaspace       used 87293K, committed 89024K, reserved 1179648K
  class space    used 9567K, committed 10496K, reserved 1048576K
}
Event: 75693.663 GC heap before
{Heap before GC invocations=615 (full 5):
 PSYoungGen      total 5120K, used 5120K [0x00000000d5580000, 0x00000000d5e80000, 0x0000000100000000)
  eden space 4608K, 100% used [0x00000000d5580000,0x00000000d5a00000,0x00000000d5a00000)
  from space 512K, 100% used [0x00000000d5c00000,0x00000000d5c80000,0x00000000d5c80000)
  to   space 2048K, 0% used [0x00000000d5a00000,0x00000000d5a00000,0x00000000d5c00000)
 ParOldGen       total 212480K, used 212167K [0x0000000080000000, 0x000000008cf80000, 0x00000000d5580000)
  object space 212480K, 99% used [0x0000000080000000,0x000000008cf31f58,0x000000008cf80000)
 Metaspace       used 87293K, committed 89024K, reserved 1179648K
  class space    used 9567K, committed 10496K, reserved 1048576K
}
Event: 75693.665 GC heap after
{Heap after GC invocations=615 (full 5):
 PSYoungGen      total 6656K, used 2023K [0x00000000d5580000, 0x00000000d6000000, 0x0000000100000000)
  eden space 4608K, 0% used [0x00000000d5580000,0x00000000d5580000,0x00000000d5a00000)
  from space 2048K, 98% used [0x00000000d5a00000,0x00000000d5bf9f90,0x00000000d5c00000)
  to   space 3072K, 0% used [0x00000000d5d00000,0x00000000d5d00000,0x00000000d6000000)
 ParOldGen       total 212992K, used 212955K [0x0000000080000000, 0x000000008d000000, 0x00000000d5580000)
  object space 212992K, 99% used [0x0000000080000000,0x000000008cff6db8,0x000000008d000000)
 Metaspace       used 87293K, committed 89024K, reserved 1179648K
  class space    used 9567K, committed 10496K, reserved 1048576K
}
Event: 75693.678 GC heap before
{Heap before GC invocations=616 (full 5):
 PSYoungGen      total 6656K, used 6631K [0x00000000d5580000, 0x00000000d6000000, 0x0000000100000000)
  eden space 4608K, 100% used [0x00000000d5580000,0x00000000d5a00000,0x00000000d5a00000)
  from space 2048K, 98% used [0x00000000d5a00000,0x00000000d5bf9f90,0x00000000d5c00000)
  to   space 3072K, 0% used [0x00000000d5d00000,0x00000000d5d00000,0x00000000d6000000)
 ParOldGen       total 212992K, used 212955K [0x0000000080000000, 0x000000008d000000, 0x00000000d5580000)
  object space 212992K, 99% used [0x0000000080000000,0x000000008cff6db8,0x000000008d000000)
 Metaspace       used 87300K, committed 89024K, reserved 1179648K
  class space    used 9567K, committed 10496K, reserved 1048576K
}
Event: 75693.679 GC heap after
{Heap after GC invocations=616 (full 5):
 PSYoungGen      total 5632K, used 897K [0x00000000d5580000, 0x00000000d5e00000, 0x0000000100000000)
  eden space 4608K, 0% used [0x00000000d5580000,0x00000000d5580000,0x00000000d5a00000)
  from space 1024K, 87% used [0x00000000d5d00000,0x00000000d5de0510,0x00000000d5e00000)
  to   space 2048K, 0% used [0x00000000d5a00000,0x00000000d5a00000,0x00000000d5c00000)
 ParOldGen       total 213504K, used 213419K [0x0000000080000000, 0x000000008d080000, 0x00000000d5580000)
  object space 213504K, 99% used [0x0000000080000000,0x000000008d06ac58,0x000000008d080000)
 Metaspace       used 87300K, committed 89024K, reserved 1179648K
  class space    used 9567K, committed 10496K, reserved 1048576K
}
Event: 75693.689 GC heap before
{Heap before GC invocations=617 (full 5):
 PSYoungGen      total 5632K, used 5505K [0x00000000d5580000, 0x00000000d5e00000, 0x0000000100000000)
  eden space 4608K, 100% used [0x00000000d5580000,0x00000000d5a00000,0x00000000d5a00000)
  from space 1024K, 87% used [0x00000000d5d00000,0x00000000d5de0510,0x00000000d5e00000)
  to   space 2048K, 0% used [0x00000000d5a00000,0x00000000d5a00000,0x00000000d5c00000)
 ParOldGen       total 213504K, used 213419K [0x0000000080000000, 0x000000008d080000, 0x00000000d5580000)
  object space 213504K, 99% used [0x0000000080000000,0x000000008d06ac58,0x000000008d080000)
 Metaspace       used 87300K, committed 89024K, reserved 1179648K
  class space    used 9567K, committed 10496K, reserved 1048576K
}
Event: 75693.690 GC heap after
{Heap after GC invocations=617 (full 5):
 PSYoungGen      total 6656K, used 640K [0x00000000d5580000, 0x00000000d5d80000, 0x0000000100000000)
  eden space 4608K, 0% used [0x00000000d5580000,0x00000000d5580000,0x00000000d5a00000)
  from space 2048K, 31% used [0x00000000d5a00000,0x00000000d5aa0000,0x00000000d5c00000)
  to   space 1024K, 0% used [0x00000000d5c80000,0x00000000d5c80000,0x00000000d5d80000)
 ParOldGen       total 214528K, used 214140K [0x0000000080000000, 0x000000008d180000, 0x00000000d5580000)
  object space 214528K, 99% used [0x0000000080000000,0x000000008d11f1a8,0x000000008d180000)
 Metaspace       used 87300K, committed 89024K, reserved 1179648K
  class space    used 9567K, committed 10496K, reserved 1048576K
}
Event: 75693.714 GC heap before
{Heap before GC invocations=618 (full 5):
 PSYoungGen      total 6656K, used 5248K [0x00000000d5580000, 0x00000000d5d80000, 0x0000000100000000)
  eden space 4608K, 100% used [0x00000000d5580000,0x00000000d5a00000,0x00000000d5a00000)
  from space 2048K, 31% used [0x00000000d5a00000,0x00000000d5aa0000,0x00000000d5c00000)
  to   space 1024K, 0% used [0x00000000d5c80000,0x00000000d5c80000,0x00000000d5d80000)
 ParOldGen       total 214528K, used 214140K [0x0000000080000000, 0x000000008d180000, 0x00000000d5580000)
  object space 214528K, 99% used [0x0000000080000000,0x000000008d11f1a8,0x000000008d180000)
 Metaspace       used 87301K, committed 89024K, reserved 1179648K
  class space    used 9567K, committed 10496K, reserved 1048576K
}
Event: 75693.716 GC heap after
{Heap after GC invocations=618 (full 5):
 PSYoungGen      total 5632K, used 1024K [0x00000000d5580000, 0x00000000d5d80000, 0x0000000100000000)
  eden space 4608K, 0% used [0x00000000d5580000,0x00000000d5580000,0x00000000d5a00000)
  from space 1024K, 100% used [0x00000000d5c80000,0x00000000d5d80000,0x00000000d5d80000)
  to   space 1536K, 0% used [0x00000000d5a80000,0x00000000d5a80000,0x00000000d5c00000)
 ParOldGen       total 215040K, used 214612K [0x0000000080000000, 0x000000008d200000, 0x00000000d5580000)
  object space 215040K, 99% used [0x0000000080000000,0x000000008d195228,0x000000008d200000)
 Metaspace       used 87301K, committed 89024K, reserved 1179648K
  class space    used 9567K, committed 10496K, reserved 1048576K
}
Event: 75694.511 GC heap before
{Heap before GC invocations=619 (full 5):
 PSYoungGen      total 5632K, used 5632K [0x00000000d5580000, 0x00000000d5d80000, 0x0000000100000000)
  eden space 4608K, 100% used [0x00000000d5580000,0x00000000d5a00000,0x00000000d5a00000)
  from space 1024K, 100% used [0x00000000d5c80000,0x00000000d5d80000,0x00000000d5d80000)
  to   space 1536K, 0% used [0x00000000d5a80000,0x00000000d5a80000,0x00000000d5c00000)
 ParOldGen       total 215040K, used 214612K [0x0000000080000000, 0x000000008d200000, 0x00000000d5580000)
  object space 215040K, 99% used [0x0000000080000000,0x000000008d195228,0x000000008d200000)
 Metaspace       used 87439K, committed 89152K, reserved 1179648K
  class space    used 9579K, committed 10496K, reserved 1048576K
}
Event: 75694.514 GC heap after
{Heap after GC invocations=619 (full 5):
 PSYoungGen      total 6144K, used 384K [0x00000000d5580000, 0x00000000d5d00000, 0x0000000100000000)
  eden space 4608K, 0% used [0x00000000d5580000,0x00000000d5580000,0x00000000d5a00000)
  from space 1536K, 25% used [0x00000000d5a80000,0x00000000d5ae0000,0x00000000d5c00000)
  to   space 1024K, 0% used [0x00000000d5c00000,0x00000000d5c00000,0x00000000d5d00000)
 ParOldGen       total 215552K, used 215364K [0x0000000080000000, 0x000000008d280000, 0x00000000d5580000)
  object space 215552K, 99% used [0x0000000080000000,0x000000008d251228,0x000000008d280000)
 Metaspace       used 87439K, committed 89152K, reserved 1179648K
  class space    used 9579K, committed 10496K, reserved 1048576K
}
Event: 75695.696 GC heap before
{Heap before GC invocations=620 (full 5):
 PSYoungGen      total 6144K, used 4992K [0x00000000d5580000, 0x00000000d5d00000, 0x0000000100000000)
  eden space 4608K, 100% used [0x00000000d5580000,0x00000000d5a00000,0x00000000d5a00000)
  from space 1536K, 25% used [0x00000000d5a80000,0x00000000d5ae0000,0x00000000d5c00000)
  to   space 1024K, 0% used [0x00000000d5c00000,0x00000000d5c00000,0x00000000d5d00000)
 ParOldGen       total 215552K, used 215364K [0x0000000080000000, 0x000000008d280000, 0x00000000d5580000)
  object space 215552K, 99% used [0x0000000080000000,0x000000008d251228,0x000000008d280000)
 Metaspace       used 88241K, committed 89920K, reserved 1179648K
  class space    used 9674K, committed 10496K, reserved 1048576K
}
Event: 75695.700 GC heap after
{Heap after GC invocations=620 (full 5):
 PSYoungGen      total 5120K, used 345K [0x00000000d5580000, 0x00000000d5c80000, 0x0000000100000000)
  eden space 4608K, 0% used [0x00000000d5580000,0x00000000d5580000,0x00000000d5a00000)
  from space 512K, 67% used [0x00000000d5c00000,0x00000000d5c565d8,0x00000000d5c80000)
  to   space 512K, 0% used [0x00000000d5b80000,0x00000000d5b80000,0x00000000d5c00000)
 ParOldGen       total 216064K, used 215583K [0x0000000080000000, 0x000000008d300000, 0x00000000d5580000)
  object space 216064K, 99% used [0x0000000080000000,0x000000008d287e10,0x000000008d300000)
 Metaspace       used 88241K, committed 89920K, reserved 1179648K
  class space    used 9674K, committed 10496K, reserved 1048576K
}
Event: 75697.005 GC heap before
{Heap before GC invocations=621 (full 5):
 PSYoungGen      total 5120K, used 4953K [0x00000000d5580000, 0x00000000d5c80000, 0x0000000100000000)
  eden space 4608K, 100% used [0x00000000d5580000,0x00000000d5a00000,0x00000000d5a00000)
  from space 512K, 67% used [0x00000000d5c00000,0x00000000d5c565d8,0x00000000d5c80000)
  to   space 512K, 0% used [0x00000000d5b80000,0x00000000d5b80000,0x00000000d5c00000)
 ParOldGen       total 216064K, used 215583K [0x0000000080000000, 0x000000008d300000, 0x00000000d5580000)
  object space 216064K, 99% used [0x0000000080000000,0x000000008d287e10,0x000000008d300000)
 Metaspace       used 88320K, committed 89984K, reserved 1179648K
  class space    used 9678K, committed 10496K, reserved 1048576K
}
Event: 75697.007 GC heap after
{Heap after GC invocations=621 (full 5):
 PSYoungGen      total 5120K, used 320K [0x00000000d5580000, 0x00000000d5c80000, 0x0000000100000000)
  eden space 4608K, 0% used [0x00000000d5580000,0x00000000d5580000,0x00000000d5a00000)
  from space 512K, 62% used [0x00000000d5b80000,0x00000000d5bd0000,0x00000000d5c00000)
  to   space 512K, 0% used [0x00000000d5c00000,0x00000000d5c00000,0x00000000d5c80000)
 ParOldGen       total 216064K, used 215816K [0x0000000080000000, 0x000000008d300000, 0x00000000d5580000)
  object space 216064K, 99% used [0x0000000080000000,0x000000008d2c2130,0x000000008d300000)
 Metaspace       used 88320K, committed 89984K, reserved 1179648K
  class space    used 9678K, committed 10496K, reserved 1048576K
}

