# JRE version: OpenJDK Runtime Environment Temurin-21.0.10+7 (21.0.10+7) (build 21.0.10+7-LTS)
# Java VM: OpenJDK 64-Bit Server VM Temurin-21.0.10+7 (21.0.10+7-LTS, mixed mode, sharing, tiered, compressed oops, compressed class ptrs, parallel gc, windows-amd64)
GC Precious Log:
 CardTable entry size: 512
 CPUs: 12 total, 12 available
 Memory: 7528M
 Large Page Support: Disabled
 NUMA Support: Disabled
 Compressed Oops: Enabled (32-bit)
 Alignments: Space 512K, Generation 512K, Heap 2M
 Heap Min Capacity: 100M
 Heap Initial Capacity: 100M
 Heap Max Capacity: 2G
 Pre-touch: Disabled
 Parallel Workers: 10
Heap:
 PSYoungGen      total 6656K, used 1052K [0x00000000d5580000, 0x00000000d6100000, 0x0000000100000000)
  eden space 5632K, 6% used [0x00000000d5580000,0x00000000d55d7340,0x00000000d5b00000)
  from space 1024K, 68% used [0x00000000d5f80000,0x00000000d6030000,0x00000000d6080000)
  to   space 512K, 0% used [0x00000000d6080000,0x00000000d6080000,0x00000000d6100000)
 ParOldGen       total 1296896K, used 1296611K [0x0000000080000000, 0x00000000cf280000, 0x00000000d5580000)
  object space 1296896K, 99% used [0x0000000080000000,0x00000000cf238d60,0x00000000cf280000)
 Metaspace       used 77911K, committed 79616K, reserved 1179648K
  class space    used 7798K, committed 8576K, reserved 1048576K
GC Heap History (20 events):
Event: 1292.405 GC heap before
{Heap before GC invocations=1098 (full 4):
 PSYoungGen      total 7680K, used 6816K [0x00000000d5580000, 0x00000000d5e80000, 0x0000000100000000)
  eden space 6144K, 100% used [0x00000000d5580000,0x00000000d5b80000,0x00000000d5b80000)
  from space 1536K, 43% used [0x00000000d5b80000,0x00000000d5c28000,0x00000000d5d00000)
  to   space 1024K, 0% used [0x00000000d5d80000,0x00000000d5d80000,0x00000000d5e80000)
 ParOldGen       total 1287168K, used 1286757K [0x0000000080000000, 0x00000000ce900000, 0x00000000d5580000)
  object space 1287168K, 99% used [0x0000000080000000,0x00000000ce899400,0x00000000ce900000)
 Metaspace       used 77853K, committed 79616K, reserved 1179648K
  class space    used 7795K, committed 8576K, reserved 1048576K
}
Event: 1292.409 GC heap after
{Heap after GC invocations=1098 (full 4):
 PSYoungGen      total 6656K, used 1006K [0x00000000d5580000, 0x00000000d6080000, 0x0000000100000000)
  eden space 5632K, 0% used [0x00000000d5580000,0x00000000d5580000,0x00000000d5b00000)
  from space 1024K, 98% used [0x00000000d5d80000,0x00000000d5e7bab8,0x00000000d5e80000)
  to   space 2560K, 0% used [0x00000000d5b00000,0x00000000d5b00000,0x00000000d5d80000)
 ParOldGen       total 1287680K, used 1287599K [0x0000000080000000, 0x00000000ce980000, 0x00000000d5580000)
  object space 1287680K, 99% used [0x0000000080000000,0x00000000ce96bea8,0x00000000ce980000)
 Metaspace       used 77853K, committed 79616K, reserved 1179648K
  class space    used 7795K, committed 8576K, reserved 1048576K
}
Event: 1292.633 GC heap before
{Heap before GC invocations=1099 (full 4):
 PSYoungGen      total 6656K, used 6638K [0x00000000d5580000, 0x00000000d6080000, 0x0000000100000000)
  eden space 5632K, 100% used [0x00000000d5580000,0x00000000d5b00000,0x00000000d5b00000)
  from space 1024K, 98% used [0x00000000d5d80000,0x00000000d5e7bab8,0x00000000d5e80000)
  to   space 2560K, 0% used [0x00000000d5b00000,0x00000000d5b00000,0x00000000d5d80000)
 ParOldGen       total 1287680K, used 1287599K [0x0000000080000000, 0x00000000ce980000, 0x00000000d5580000)
  object space 1287680K, 99% used [0x0000000080000000,0x00000000ce96bea8,0x00000000ce980000)
 Metaspace       used 77853K, committed 79616K, reserved 1179648K
  class space    used 7795K, committed 8576K, reserved 1048576K
}
Event: 1292.638 GC heap after
{Heap after GC invocations=1099 (full 4):
 PSYoungGen      total 6656K, used 836K [0x00000000d5580000, 0x00000000d5e00000, 0x0000000100000000)
  eden space 5632K, 0% used [0x00000000d5580000,0x00000000d5580000,0x00000000d5b00000)
  from space 1024K, 81% used [0x00000000d5b00000,0x00000000d5bd1210,0x00000000d5c00000)
  to   space 1536K, 0% used [0x00000000d5c80000,0x00000000d5c80000,0x00000000d5e00000)
 ParOldGen       total 1290240K, used 1289832K [0x0000000080000000, 0x00000000cec00000, 0x00000000d5580000)
  object space 1290240K, 99% used [0x0000000080000000,0x00000000ceb9a2e8,0x00000000cec00000)
 Metaspace       used 77853K, committed 79616K, reserved 1179648K
  class space    used 7795K, committed 8576K, reserved 1048576K
}
Event: 1292.658 GC heap before
{Heap before GC invocations=1100 (full 4):
 PSYoungGen      total 6656K, used 6468K [0x00000000d5580000, 0x00000000d5e00000, 0x0000000100000000)
  eden space 5632K, 100% used [0x00000000d5580000,0x00000000d5b00000,0x00000000d5b00000)
  from space 1024K, 81% used [0x00000000d5b00000,0x00000000d5bd1210,0x00000000d5c00000)
  to   space 1536K, 0% used [0x00000000d5c80000,0x00000000d5c80000,0x00000000d5e00000)
 ParOldGen       total 1290240K, used 1289832K [0x0000000080000000, 0x00000000cec00000, 0x00000000d5580000)
  object space 1290240K, 99% used [0x0000000080000000,0x00000000ceb9a2e8,0x00000000cec00000)
 Metaspace       used 77853K, committed 79616K, reserved 1179648K
  class space    used 7795K, committed 8576K, reserved 1048576K
}
Event: 1292.661 GC heap after
{Heap after GC invocations=1100 (full 4):
 PSYoungGen      total 6144K, used 506K [0x00000000d5580000, 0x00000000d5d00000, 0x0000000100000000)
  eden space 5632K, 0% used [0x00000000d5580000,0x00000000d5580000,0x00000000d5b00000)
  from space 512K, 98% used [0x00000000d5c80000,0x00000000d5cfe900,0x00000000d5d00000)
  to   space 1024K, 0% used [0x00000000d5b00000,0x00000000d5b00000,0x00000000d5c00000)
 ParOldGen       total 1290240K, used 1290024K [0x0000000080000000, 0x00000000cec00000, 0x00000000d5580000)
  object space 1290240K, 99% used [0x0000000080000000,0x00000000cebca2e8,0x00000000cec00000)
 Metaspace       used 77853K, committed 79616K, reserved 1179648K
  class space    used 7795K, committed 8576K, reserved 1048576K
}
Event: 1292.677 GC heap before
{Heap before GC invocations=1101 (full 4):
 PSYoungGen      total 6144K, used 6138K [0x00000000d5580000, 0x00000000d5d00000, 0x0000000100000000)
  eden space 5632K, 100% used [0x00000000d5580000,0x00000000d5b00000,0x00000000d5b00000)
  from space 512K, 98% used [0x00000000d5c80000,0x00000000d5cfe900,0x00000000d5d00000)
  to   space 1024K, 0% used [0x00000000d5b00000,0x00000000d5b00000,0x00000000d5c00000)
 ParOldGen       total 1290240K, used 1290024K [0x0000000080000000, 0x00000000cec00000, 0x00000000d5580000)
  object space 1290240K, 99% used [0x0000000080000000,0x00000000cebca2e8,0x00000000cec00000)
 Metaspace       used 77853K, committed 79616K, reserved 1179648K
  class space    used 7795K, committed 8576K, reserved 1048576K
}
Event: 1292.681 GC heap after
{Heap after GC invocations=1101 (full 4):
 PSYoungGen      total 6656K, used 544K [0x00000000d5580000, 0x00000000d5d00000, 0x0000000100000000)
  eden space 5632K, 0% used [0x00000000d5580000,0x00000000d5580000,0x00000000d5b00000)
  from space 1024K, 53% used [0x00000000d5b00000,0x00000000d5b88000,0x00000000d5c00000)
  to   space 1024K, 0% used [0x00000000d5c00000,0x00000000d5c00000,0x00000000d5d00000)
 ParOldGen       total 1290752K, used 1290409K [0x0000000080000000, 0x00000000cec80000, 0x00000000d5580000)
  object space 1290752K, 99% used [0x0000000080000000,0x00000000cec2a788,0x00000000cec80000)
 Metaspace       used 77853K, committed 79616K, reserved 1179648K
  class space    used 7795K, committed 8576K, reserved 1048576K
}
Event: 1293.506 GC heap before
{Heap before GC invocations=1102 (full 4):
 PSYoungGen      total 6656K, used 5640K [0x00000000d5580000, 0x00000000d5d00000, 0x0000000100000000)
  eden space 5632K, 90% used [0x00000000d5580000,0x00000000d5a7a348,0x00000000d5b00000)
  from space 1024K, 53% used [0x00000000d5b00000,0x00000000d5b88000,0x00000000d5c00000)
  to   space 1024K, 0% used [0x00000000d5c00000,0x00000000d5c00000,0x00000000d5d00000)
 ParOldGen       total 1290752K, used 1290409K [0x0000000080000000, 0x00000000cec80000, 0x00000000d5580000)
  object space 1290752K, 99% used [0x0000000080000000,0x00000000cec2a788,0x00000000cec80000)
 Metaspace       used 77884K, committed 79616K, reserved 1179648K
  class space    used 7798K, committed 8576K, reserved 1048576K
}
Event: 1293.509 GC heap after
{Heap after GC invocations=1102 (full 4):
 PSYoungGen      total 6656K, used 851K [0x00000000d5580000, 0x00000000d5d00000, 0x0000000100000000)
  eden space 5632K, 0% used [0x00000000d5580000,0x00000000d5580000,0x00000000d5b00000)
  from space 1024K, 83% used [0x00000000d5c00000,0x00000000d5cd4e30,0x00000000d5d00000)
  to   space 1024K, 0% used [0x00000000d5b00000,0x00000000d5b00000,0x00000000d5c00000)
 ParOldGen       total 1291264K, used 1290785K [0x0000000080000000, 0x00000000ced00000, 0x00000000d5580000)
  object space 1291264K, 99% used [0x0000000080000000,0x00000000cec88788,0x00000000ced00000)
 Metaspace       used 77884K, committed 79616K, reserved 1179648K
  class space    used 7798K, committed 8576K, reserved 1048576K
}
Event: 1293.523 GC heap before
{Heap before GC invocations=1103 (full 4):
 PSYoungGen      total 6656K, used 6376K [0x00000000d5580000, 0x00000000d5d00000, 0x0000000100000000)
  eden space 5632K, 98% used [0x00000000d5580000,0x00000000d5ae5588,0x00000000d5b00000)
  from space 1024K, 83% used [0x00000000d5c00000,0x00000000d5cd4e30,0x00000000d5d00000)
  to   space 1024K, 0% used [0x00000000d5b00000,0x00000000d5b00000,0x00000000d5c00000)
 ParOldGen       total 1291264K, used 1290785K [0x0000000080000000, 0x00000000ced00000, 0x00000000d5580000)
  object space 1291264K, 99% used [0x0000000080000000,0x00000000cec88788,0x00000000ced00000)
 Metaspace       used 77884K, committed 79616K, reserved 1179648K
  class space    used 7798K, committed 8576K, reserved 1048576K
}
Event: 1293.528 GC heap after
{Heap after GC invocations=1103 (full 4):
 PSYoungGen      total 6656K, used 1018K [0x00000000d5580000, 0x00000000d6700000, 0x0000000100000000)
  eden space 5632K, 0% used [0x00000000d5580000,0x00000000d5580000,0x00000000d5b00000)
  from space 1024K, 99% used [0x00000000d5b00000,0x00000000d5bfe840,0x00000000d5c00000)
  to   space 6144K, 0% used [0x00000000d6100000,0x00000000d6100000,0x00000000d6700000)
 ParOldGen       total 1295360K, used 1295030K [0x0000000080000000, 0x00000000cf100000, 0x00000000d5580000)
  object space 1295360K, 99% used [0x0000000080000000,0x00000000cf0adb00,0x00000000cf100000)
 Metaspace       used 77884K, committed 79616K, reserved 1179648K
  class space    used 7798K, committed 8576K, reserved 1048576K
}
Event: 1352.370 GC heap before
{Heap before GC invocations=1104 (full 4):
 PSYoungGen      total 6656K, used 6650K [0x00000000d5580000, 0x00000000d6700000, 0x0000000100000000)
  eden space 5632K, 100% used [0x00000000d5580000,0x00000000d5b00000,0x00000000d5b00000)
  from space 1024K, 99% used [0x00000000d5b00000,0x00000000d5bfe840,0x00000000d5c00000)
  to   space 6144K, 0% used [0x00000000d6100000,0x00000000d6100000,0x00000000d6700000)
 ParOldGen       total 1295360K, used 1295030K [0x0000000080000000, 0x00000000cf100000, 0x00000000d5580000)
  object space 1295360K, 99% used [0x0000000080000000,0x00000000cf0adb00,0x00000000cf100000)
 Metaspace       used 77885K, committed 79616K, reserved 1179648K
  class space    used 7798K, committed 8576K, reserved 1048576K
}
Event: 1352.375 GC heap after
{Heap after GC invocations=1104 (full 4):
 PSYoungGen      total 6656K, used 896K [0x00000000d5580000, 0x00000000d6200000, 0x0000000100000000)
  eden space 5632K, 0% used [0x00000000d5580000,0x00000000d5580000,0x00000000d5b00000)
  from space 1024K, 87% used [0x00000000d6100000,0x00000000d61e0010,0x00000000d6200000)
  to   space 2560K, 0% used [0x00000000d5d00000,0x00000000d5d00000,0x00000000d5f80000)
 ParOldGen       total 1295360K, used 1295102K [0x0000000080000000, 0x00000000cf100000, 0x00000000d5580000)
  object space 1295360K, 99% used [0x0000000080000000,0x00000000cf0bfb00,0x00000000cf100000)
 Metaspace       used 77885K, committed 79616K, reserved 1179648K
  class space    used 7798K, committed 8576K, reserved 1048576K
}
Event: 1667.125 GC heap before
{Heap before GC invocations=1105 (full 4):
 PSYoungGen      total 6656K, used 6518K [0x00000000d5580000, 0x00000000d6200000, 0x0000000100000000)
  eden space 5632K, 99% used [0x00000000d5580000,0x00000000d5afd9f0,0x00000000d5b00000)
  from space 1024K, 87% used [0x00000000d6100000,0x00000000d61e0010,0x00000000d6200000)
  to   space 2560K, 0% used [0x00000000d5d00000,0x00000000d5d00000,0x00000000d5f80000)
 ParOldGen       total 1295360K, used 1295102K [0x0000000080000000, 0x00000000cf100000, 0x00000000d5580000)
  object space 1295360K, 99% used [0x0000000080000000,0x00000000cf0bfb00,0x00000000cf100000)
 Metaspace       used 77911K, committed 79616K, reserved 1179648K
  class space    used 7798K, committed 8576K, reserved 1048576K
}
Event: 1667.567 GC heap after
{Heap after GC invocations=1105 (full 4):
 PSYoungGen      total 8192K, used 480K [0x00000000d5580000, 0x00000000d6180000, 0x0000000100000000)
  eden space 5632K, 0% used [0x00000000d5580000,0x00000000d5580000,0x00000000d5b00000)
  from space 2560K, 18% used [0x00000000d5d00000,0x00000000d5d78020,0x00000000d5f80000)
  to   space 1024K, 0% used [0x00000000d6080000,0x00000000d6080000,0x00000000d6180000)
 ParOldGen       total 1295872K, used 1295854K [0x0000000080000000, 0x00000000cf180000, 0x00000000d5580000)
  object space 1295872K, 99% used [0x0000000080000000,0x00000000cf17bb10,0x00000000cf180000)
 Metaspace       used 77911K, committed 79616K, reserved 1179648K
  class space    used 7798K, committed 8576K, reserved 1048576K
}
Event: 1787.058 GC heap before
{Heap before GC invocations=1106 (full 4):
 PSYoungGen      total 8192K, used 6112K [0x00000000d5580000, 0x00000000d6180000, 0x0000000100000000)
  eden space 5632K, 99% used [0x00000000d5580000,0x00000000d5affff8,0x00000000d5b00000)
  from space 2560K, 18% used [0x00000000d5d00000,0x00000000d5d78020,0x00000000d5f80000)
  to   space 1024K, 0% used [0x00000000d6080000,0x00000000d6080000,0x00000000d6180000)
 ParOldGen       total 1295872K, used 1295854K [0x0000000080000000, 0x00000000cf180000, 0x00000000d5580000)
  object space 1295872K, 99% used [0x0000000080000000,0x00000000cf17bb10,0x00000000cf180000)
 Metaspace       used 77911K, committed 79616K, reserved 1179648K
  class space    used 7798K, committed 8576K, reserved 1048576K
}
Event: 1787.294 GC heap after
{Heap after GC invocations=1106 (full 4):
 PSYoungGen      total 6656K, used 756K [0x00000000d5580000, 0x00000000d6180000, 0x0000000100000000)
  eden space 5632K, 0% used [0x00000000d5580000,0x00000000d5580000,0x00000000d5b00000)
  from space 1024K, 73% used [0x00000000d6080000,0x00000000d613d220,0x00000000d6180000)
  to   space 1024K, 0% used [0x00000000d5f80000,0x00000000d5f80000,0x00000000d6080000)
 ParOldGen       total 1296384K, used 1296038K [0x0000000080000000, 0x00000000cf200000, 0x00000000d5580000)
  object space 1296384K, 99% used [0x0000000080000000,0x00000000cf1a9b30,0x00000000cf200000)
 Metaspace       used 77911K, committed 79616K, reserved 1179648K
  class space    used 7798K, committed 8576K, reserved 1048576K
}
Event: 1793.210 GC heap before
{Heap before GC invocations=1107 (full 4):
 PSYoungGen      total 6656K, used 6388K [0x00000000d5580000, 0x00000000d6180000, 0x0000000100000000)
  eden space 5632K, 100% used [0x00000000d5580000,0x00000000d5b00000,0x00000000d5b00000)
  from space 1024K, 73% used [0x00000000d6080000,0x00000000d613d220,0x00000000d6180000)
  to   space 1024K, 0% used [0x00000000d5f80000,0x00000000d5f80000,0x00000000d6080000)
 ParOldGen       total 1296384K, used 1296038K [0x0000000080000000, 0x00000000cf200000, 0x00000000d5580000)
  object space 1296384K, 99% used [0x0000000080000000,0x00000000cf1a9b30,0x00000000cf200000)
 Metaspace       used 77911K, committed 79616K, reserved 1179648K
  class space    used 7798K, committed 8576K, reserved 1048576K
}
Event: 1793.215 GC heap after
{Heap after GC invocations=1107 (full 4):
 PSYoungGen      total 6656K, used 704K [0x00000000d5580000, 0x00000000d6100000, 0x0000000100000000)
  eden space 5632K, 0% used [0x00000000d5580000,0x00000000d5580000,0x00000000d5b00000)
  from space 1024K, 68% used [0x00000000d5f80000,0x00000000d6030000,0x00000000d6080000)
  to   space 512K, 0% used [0x00000000d6080000,0x00000000d6080000,0x00000000d6100000)
 ParOldGen       total 1296896K, used 1296611K [0x0000000080000000, 0x00000000cf280000, 0x00000000d5580000)
  object space 1296896K, 99% used [0x0000000080000000,0x00000000cf238d60,0x00000000cf280000)
 Metaspace       used 77911K, committed 79616K, reserved 1179648K
  class space    used 7798K, committed 8576K, reserved 1048576K
}

