# JRE version: OpenJDK Runtime Environment Temurin-21.0.10+7 (21.0.10+7) (build 21.0.10+7-LTS)
# Java VM: OpenJDK 64-Bit Server VM Temurin-21.0.10+7 (21.0.10+7-LTS, mixed mode, sharing, tiered, compressed oops, compressed class ptrs, parallel gc, windows-amd64)
GC Precious Log:
 CardTable entry size: 512
 CPUs: 12 total, 12 available
 Memory: 7528M
 Large Page Support: Disabled
 NUMA Support: Disabled
 Compressed Oops: Enabled (32-bit)
 Alignments: Space 512K, Generation 512K, Heap 2M
 Heap Min Capacity: 100M
 Heap Initial Capacity: 100M
 Heap Max Capacity: 2G
 Pre-touch: Disabled
 Parallel Workers: 10
Heap:
 PSYoungGen      total 7168K, used 5344K [0x00000000d5580000, 0x00000000d6300000, 0x0000000100000000)
  eden space 6144K, 70% used [0x00000000d5580000,0x00000000d59ba3b8,0x00000000d5b80000)
  from space 1024K, 99% used [0x00000000d6200000,0x00000000d62fe028,0x00000000d6300000)
  to   space 2560K, 0% used [0x00000000d5e00000,0x00000000d5e00000,0x00000000d6080000)
 ParOldGen       total 421376K, used 420923K [0x0000000080000000, 0x0000000099b80000, 0x00000000d5580000)
  object space 421376K, 99% used [0x0000000080000000,0x0000000099b0ec30,0x0000000099b80000)
 Metaspace       used 66893K, committed 68224K, reserved 1114112K
  class space    used 7223K, committed 7808K, reserved 1048576K
GC Heap History (20 events):
Event: 82.356 GC heap before
{Heap before GC invocations=328 (full 3):
 PSYoungGen      total 9216K, used 8927K [0x00000000d5580000, 0x00000000d6300000, 0x0000000100000000)
  eden space 5120K, 99% used [0x00000000d5580000,0x00000000d5a7fff8,0x00000000d5a80000)
  from space 4096K, 92% used [0x00000000d5f00000,0x00000000d62b8000,0x00000000d6300000)
  to   space 4096K, 0% used [0x00000000d5b00000,0x00000000d5b00000,0x00000000d5f00000)
 ParOldGen       total 399360K, used 399186K [0x0000000080000000, 0x0000000098600000, 0x00000000d5580000)
  object space 399360K, 99% used [0x0000000080000000,0x00000000985d4ad0,0x0000000098600000)
 Metaspace       used 64668K, committed 65920K, reserved 1114112K
  class space    used 7027K, committed 7552K, reserved 1048576K
}
Event: 82.363 GC heap after
{Heap after GC invocations=328 (full 3):
 PSYoungGen      total 7168K, used 1797K [0x00000000d5580000, 0x00000000d5f80000, 0x0000000100000000)
  eden space 5120K, 0% used [0x00000000d5580000,0x00000000d5580000,0x00000000d5a80000)
  from space 2048K, 87% used [0x00000000d5b00000,0x00000000d5cc1590,0x00000000d5d00000)
  to   space 2560K, 0% used [0x00000000d5d00000,0x00000000d5d00000,0x00000000d5f80000)
 ParOldGen       total 402944K, used 402922K [0x0000000080000000, 0x0000000098980000, 0x00000000d5580000)
  object space 402944K, 99% used [0x0000000080000000,0x000000009897aad0,0x0000000098980000)
 Metaspace       used 64668K, committed 65920K, reserved 1114112K
  class space    used 7027K, committed 7552K, reserved 1048576K
}
Event: 82.374 GC heap before
{Heap before GC invocations=329 (full 3):
 PSYoungGen      total 7168K, used 6798K [0x00000000d5580000, 0x00000000d5f80000, 0x0000000100000000)
  eden space 5120K, 97% used [0x00000000d5580000,0x00000000d5a622d0,0x00000000d5a80000)
  from space 2048K, 87% used [0x00000000d5b00000,0x00000000d5cc1590,0x00000000d5d00000)
  to   space 2560K, 0% used [0x00000000d5d00000,0x00000000d5d00000,0x00000000d5f80000)
 ParOldGen       total 402944K, used 402922K [0x0000000080000000, 0x0000000098980000, 0x00000000d5580000)
  object space 402944K, 99% used [0x0000000080000000,0x000000009897aad0,0x0000000098980000)
 Metaspace       used 64671K, committed 65920K, reserved 1114112K
  class space    used 7028K, committed 7552K, reserved 1048576K
}
Event: 82.378 GC heap after
{Heap after GC invocations=329 (full 3):
 PSYoungGen      total 7680K, used 2003K [0x00000000d5580000, 0x00000000d5f80000, 0x0000000100000000)
  eden space 5120K, 0% used [0x00000000d5580000,0x00000000d5580000,0x00000000d5a80000)
  from space 2560K, 78% used [0x00000000d5d00000,0x00000000d5ef4e90,0x00000000d5f80000)
  to   space 2560K, 0% used [0x00000000d5a80000,0x00000000d5a80000,0x00000000d5d00000)
 ParOldGen       total 404992K, used 404623K [0x0000000080000000, 0x0000000098b80000, 0x00000000d5580000)
  object space 404992K, 99% used [0x0000000080000000,0x0000000098b23d78,0x0000000098b80000)
 Metaspace       used 64671K, committed 65920K, reserved 1114112K
  class space    used 7028K, committed 7552K, reserved 1048576K
}
Event: 82.403 GC heap before
{Heap before GC invocations=330 (full 3):
 PSYoungGen      total 7680K, used 7123K [0x00000000d5580000, 0x00000000d5f80000, 0x0000000100000000)
  eden space 5120K, 100% used [0x00000000d5580000,0x00000000d5a80000,0x00000000d5a80000)
  from space 2560K, 78% used [0x00000000d5d00000,0x00000000d5ef4e90,0x00000000d5f80000)
  to   space 2560K, 0% used [0x00000000d5a80000,0x00000000d5a80000,0x00000000d5d00000)
 ParOldGen       total 404992K, used 404623K [0x0000000080000000, 0x0000000098b80000, 0x00000000d5580000)
  object space 404992K, 99% used [0x0000000080000000,0x0000000098b23d78,0x0000000098b80000)
 Metaspace       used 64673K, committed 65920K, reserved 1114112K
  class space    used 7028K, committed 7552K, reserved 1048576K
}
Event: 82.412 GC heap after
{Heap after GC invocations=330 (full 3):
 PSYoungGen      total 7680K, used 2558K [0x00000000d5580000, 0x00000000d6a80000, 0x0000000100000000)
  eden space 5120K, 0% used [0x00000000d5580000,0x00000000d5580000,0x00000000d5a80000)
  from space 2560K, 99% used [0x00000000d5a80000,0x00000000d5cffb80,0x00000000d5d00000)
  to   space 8192K, 0% used [0x00000000d6280000,0x00000000d6280000,0x00000000d6a80000)
 ParOldGen       total 409088K, used 409043K [0x0000000080000000, 0x0000000098f80000, 0x00000000d5580000)
  object space 409088K, 99% used [0x0000000080000000,0x0000000098f74c08,0x0000000098f80000)
 Metaspace       used 64673K, committed 65920K, reserved 1114112K
  class space    used 7028K, committed 7552K, reserved 1048576K
}
Event: 82.440 GC heap before
{Heap before GC invocations=331 (full 3):
 PSYoungGen      total 7680K, used 7619K [0x00000000d5580000, 0x00000000d6a80000, 0x0000000100000000)
  eden space 5120K, 98% used [0x00000000d5580000,0x00000000d5a71168,0x00000000d5a80000)
  from space 2560K, 99% used [0x00000000d5a80000,0x00000000d5cffb80,0x00000000d5d00000)
  to   space 8192K, 0% used [0x00000000d6280000,0x00000000d6280000,0x00000000d6a80000)
 ParOldGen       total 409088K, used 409043K [0x0000000080000000, 0x0000000098f80000, 0x00000000d5580000)
  object space 409088K, 99% used [0x0000000080000000,0x0000000098f74c08,0x0000000098f80000)
 Metaspace       used 64697K, committed 65920K, reserved 1114112K
  class space    used 7028K, committed 7552K, reserved 1048576K
}
Event: 82.450 GC heap after
{Heap after GC invocations=331 (full 3):
 PSYoungGen      total 8192K, used 2728K [0x00000000d5580000, 0x00000000d6580000, 0x0000000100000000)
  eden space 5120K, 0% used [0x00000000d5580000,0x00000000d5580000,0x00000000d5a80000)
  from space 3072K, 88% used [0x00000000d6280000,0x00000000d652a048,0x00000000d6580000)
  to   space 4608K, 0% used [0x00000000d5c80000,0x00000000d5c80000,0x00000000d6100000)
 ParOldGen       total 411648K, used 411518K [0x0000000080000000, 0x0000000099200000, 0x00000000d5580000)
  object space 411648K, 99% used [0x0000000080000000,0x00000000991dfa98,0x0000000099200000)
 Metaspace       used 64697K, committed 65920K, reserved 1114112K
  class space    used 7028K, committed 7552K, reserved 1048576K
}
Event: 82.473 GC heap before
{Heap before GC invocations=332 (full 3):
 PSYoungGen      total 8192K, used 7540K [0x00000000d5580000, 0x00000000d6580000, 0x0000000100000000)
  eden space 5120K, 93% used [0x00000000d5580000,0x00000000d5a33000,0x00000000d5a80000)
  from space 3072K, 88% used [0x00000000d6280000,0x00000000d652a048,0x00000000d6580000)
  to   space 4608K, 0% used [0x00000000d5c80000,0x00000000d5c80000,0x00000000d6100000)
 ParOldGen       total 411648K, used 411518K [0x0000000080000000, 0x0000000099200000, 0x00000000d5580000)
  object space 411648K, 99% used [0x0000000080000000,0x00000000991dfa98,0x0000000099200000)
 Metaspace       used 64697K, committed 65920K, reserved 1114112K
  class space    used 7028K, committed 7552K, reserved 1048576K
}
Event: 82.482 GC heap after
{Heap after GC invocations=332 (full 3):
 PSYoungGen      total 10752K, used 4580K [0x00000000d5580000, 0x00000000d6c80000, 0x0000000100000000)
  eden space 6144K, 0% used [0x00000000d5580000,0x00000000d5580000,0x00000000d5b80000)
  from space 4608K, 99% used [0x00000000d5c80000,0x00000000d60f91e8,0x00000000d6100000)
  to   space 8704K, 0% used [0x00000000d6400000,0x00000000d6400000,0x00000000d6c80000)
 ParOldGen       total 414720K, used 414343K [0x0000000080000000, 0x0000000099500000, 0x00000000d5580000)
  object space 414720K, 99% used [0x0000000080000000,0x00000000994a1f88,0x0000000099500000)
 Metaspace       used 64697K, committed 65920K, reserved 1114112K
  class space    used 7028K, committed 7552K, reserved 1048576K
}
Event: 82.626 GC heap before
{Heap before GC invocations=333 (full 3):
 PSYoungGen      total 10752K, used 10724K [0x00000000d5580000, 0x00000000d6c80000, 0x0000000100000000)
  eden space 6144K, 100% used [0x00000000d5580000,0x00000000d5b80000,0x00000000d5b80000)
  from space 4608K, 99% used [0x00000000d5c80000,0x00000000d60f91e8,0x00000000d6100000)
  to   space 8704K, 0% used [0x00000000d6400000,0x00000000d6400000,0x00000000d6c80000)
 ParOldGen       total 414720K, used 414344K [0x0000000080000000, 0x0000000099500000, 0x00000000d5580000)
  object space 414720K, 99% used [0x0000000080000000,0x00000000994a2058,0x0000000099500000)
 Metaspace       used 64810K, committed 66112K, reserved 1114112K
  class space    used 7041K, committed 7616K, reserved 1048576K
}
Event: 82.636 GC heap after
{Heap after GC invocations=333 (full 3):
 PSYoungGen      total 9216K, used 2664K [0x00000000d5580000, 0x00000000d6700000, 0x0000000100000000)
  eden space 6144K, 0% used [0x00000000d5580000,0x00000000d5580000,0x00000000d5b80000)
  from space 3072K, 86% used [0x00000000d6400000,0x00000000d669a2c8,0x00000000d6700000)
  to   space 4608K, 0% used [0x00000000d5e00000,0x00000000d5e00000,0x00000000d6280000)
 ParOldGen       total 417792K, used 417726K [0x0000000080000000, 0x0000000099800000, 0x00000000d5580000)
  object space 417792K, 99% used [0x0000000080000000,0x00000000997efaf8,0x0000000099800000)
 Metaspace       used 64810K, committed 66112K, reserved 1114112K
  class space    used 7041K, committed 7616K, reserved 1048576K
}
Event: 82.778 GC heap before
{Heap before GC invocations=334 (full 3):
 PSYoungGen      total 9216K, used 8808K [0x00000000d5580000, 0x00000000d6700000, 0x0000000100000000)
  eden space 6144K, 100% used [0x00000000d5580000,0x00000000d5b80000,0x00000000d5b80000)
  from space 3072K, 86% used [0x00000000d6400000,0x00000000d669a2c8,0x00000000d6700000)
  to   space 4608K, 0% used [0x00000000d5e00000,0x00000000d5e00000,0x00000000d6280000)
 ParOldGen       total 417792K, used 417746K [0x0000000080000000, 0x0000000099800000, 0x00000000d5580000)
  object space 417792K, 99% used [0x0000000080000000,0x00000000997f48a0,0x0000000099800000)
 Metaspace       used 65126K, committed 66368K, reserved 1114112K
  class space    used 7066K, committed 7616K, reserved 1048576K
}
Event: 82.782 GC heap after
{Heap after GC invocations=334 (full 3):
 PSYoungGen      total 10752K, used 683K [0x00000000d5580000, 0x00000000d6480000, 0x0000000100000000)
  eden space 6144K, 0% used [0x00000000d5580000,0x00000000d5580000,0x00000000d5b80000)
  from space 4608K, 14% used [0x00000000d5e00000,0x00000000d5eaaca8,0x00000000d6280000)
  to   space 2048K, 0% used [0x00000000d6280000,0x00000000d6280000,0x00000000d6480000)
 ParOldGen       total 419328K, used 419119K [0x0000000080000000, 0x0000000099980000, 0x00000000d5580000)
  object space 419328K, 99% used [0x0000000080000000,0x000000009994bcf8,0x0000000099980000)
 Metaspace       used 65126K, committed 66368K, reserved 1114112K
  class space    used 7066K, committed 7616K, reserved 1048576K
}
Event: 82.865 GC heap before
{Heap before GC invocations=335 (full 3):
 PSYoungGen      total 10752K, used 6825K [0x00000000d5580000, 0x00000000d6480000, 0x0000000100000000)
  eden space 6144K, 99% used [0x00000000d5580000,0x00000000d5b7f9e0,0x00000000d5b80000)
  from space 4608K, 14% used [0x00000000d5e00000,0x00000000d5eaaca8,0x00000000d6280000)
  to   space 2048K, 0% used [0x00000000d6280000,0x00000000d6280000,0x00000000d6480000)
 ParOldGen       total 419328K, used 419119K [0x0000000080000000, 0x0000000099980000, 0x00000000d5580000)
  object space 419328K, 99% used [0x0000000080000000,0x000000009994bcf8,0x0000000099980000)
 Metaspace       used 65755K, committed 67072K, reserved 1114112K
  class space    used 7108K, committed 7680K, reserved 1048576K
}
Event: 82.869 GC heap after
{Heap after GC invocations=335 (full 3):
 PSYoungGen      total 6656K, used 416K [0x00000000d5580000, 0x00000000d6300000, 0x0000000100000000)
  eden space 6144K, 0% used [0x00000000d5580000,0x00000000d5580000,0x00000000d5b80000)
  from space 512K, 81% used [0x00000000d6280000,0x00000000d62e8000,0x00000000d6300000)
  to   space 1024K, 0% used [0x00000000d6100000,0x00000000d6100000,0x00000000d6200000)
 ParOldGen       total 419840K, used 419623K [0x0000000080000000, 0x0000000099a00000, 0x00000000d5580000)
  object space 419840K, 99% used [0x0000000080000000,0x00000000999c9d90,0x0000000099a00000)
 Metaspace       used 65755K, committed 67072K, reserved 1114112K
  class space    used 7108K, committed 7680K, reserved 1048576K
}
Event: 83.022 GC heap before
{Heap before GC invocations=336 (full 3):
 PSYoungGen      total 6656K, used 6560K [0x00000000d5580000, 0x00000000d6300000, 0x0000000100000000)
  eden space 6144K, 100% used [0x00000000d5580000,0x00000000d5b80000,0x00000000d5b80000)
  from space 512K, 81% used [0x00000000d6280000,0x00000000d62e8000,0x00000000d6300000)
  to   space 1024K, 0% used [0x00000000d6100000,0x00000000d6100000,0x00000000d6200000)
 ParOldGen       total 419840K, used 419623K [0x0000000080000000, 0x0000000099a00000, 0x00000000d5580000)
  object space 419840K, 99% used [0x0000000080000000,0x00000000999c9d90,0x0000000099a00000)
 Metaspace       used 66279K, committed 67520K, reserved 1114112K
  class space    used 7153K, committed 7680K, reserved 1048576K
}
Event: 83.025 GC heap after
{Heap after GC invocations=336 (full 3):
 PSYoungGen      total 7168K, used 960K [0x00000000d5580000, 0x00000000d6300000, 0x0000000100000000)
  eden space 6144K, 0% used [0x00000000d5580000,0x00000000d5580000,0x00000000d5b80000)
  from space 1024K, 93% used [0x00000000d6100000,0x00000000d61f0020,0x00000000d6200000)
  to   space 1024K, 0% used [0x00000000d6200000,0x00000000d6200000,0x00000000d6300000)
 ParOldGen       total 420352K, used 419911K [0x0000000080000000, 0x0000000099a80000, 0x00000000d5580000)
  object space 420352K, 99% used [0x0000000080000000,0x0000000099a11d90,0x0000000099a80000)
 Metaspace       used 66279K, committed 67520K, reserved 1114112K
  class space    used 7153K, committed 7680K, reserved 1048576K
}
Event: 83.083 GC heap before
{Heap before GC invocations=337 (full 3):
 PSYoungGen      total 7168K, used 7104K [0x00000000d5580000, 0x00000000d6300000, 0x0000000100000000)
  eden space 6144K, 100% used [0x00000000d5580000,0x00000000d5b80000,0x00000000d5b80000)
  from space 1024K, 93% used [0x00000000d6100000,0x00000000d61f0020,0x00000000d6200000)
  to   space 1024K, 0% used [0x00000000d6200000,0x00000000d6200000,0x00000000d6300000)
 ParOldGen       total 420352K, used 419911K [0x0000000080000000, 0x0000000099a80000, 0x00000000d5580000)
  object space 420352K, 99% used [0x0000000080000000,0x0000000099a11d90,0x0000000099a80000)
 Metaspace       used 66450K, committed 67712K, reserved 1114112K
  class space    used 7184K, committed 7744K, reserved 1048576K
}
Event: 83.086 GC heap after
{Heap after GC invocations=337 (full 3):
 PSYoungGen      total 7168K, used 1016K [0x00000000d5580000, 0x00000000d6300000, 0x0000000100000000)
  eden space 6144K, 0% used [0x00000000d5580000,0x00000000d5580000,0x00000000d5b80000)
  from space 1024K, 99% used [0x00000000d6200000,0x00000000d62fe028,0x00000000d6300000)
  to   space 2560K, 0% used [0x00000000d5e00000,0x00000000d5e00000,0x00000000d6080000)
 ParOldGen       total 421376K, used 420923K [0x0000000080000000, 0x0000000099b80000, 0x00000000d5580000)
  object space 421376K, 99% used [0x0000000080000000,0x0000000099b0ec30,0x0000000099b80000)
 Metaspace       used 66450K, committed 67712K, reserved 1114112K
  class space    used 7184K, committed 7744K, reserved 1048576K
}

